2023-10-31 14:04:24: Experiment log path in: E:\Pycharm_Projects\Project\Model\ST-SSL\ST-SSL\experiments\NYCBike1\20231031-140424
2023-10-31 14:04:24: Experiment configs are: Namespace(seed=31, device='cpu', mode='train', best_path='None', debug=False, data_dir='data', dataset='NYCBike1', input_length=19, batch_size=32, test_batch_size=32, graph_file='data/NYCBike1/adj_mx.npz', d_input=2, d_output=2, d_model=64, dropout=0.2, percent=0.1, shm_temp=0.5, nmb_prototype=6, yita=0.6, epochs=100, lr_init=0.001, early_stop=True, early_stop_patience=15, grad_norm=True, max_grad_norm=5, use_dwa=True, temp=4, num_nodes=128, log_dir='E:\\Pycharm_Projects\\Project\\Model\\ST-SSL\\ST-SSL\\experiments\\NYCBike1\\20231031-140424')
2023-10-31 14:04:24: Traceback (most recent call last):
  File "E:/Pycharm_Projects/Project/Model/ST-SSL/ST-SSL/main.py", line 61, in model_supervisor
    results = trainer.train() # best_eval_loss, best_epoch
  File "E:\Pycharm_Projects\Project\Model\ST-SSL\ST-SSL\model\trainer.py", line 109, in train
    train_epoch_loss, loss_t = self.train_epoch(epoch, loss_weights)
  File "E:\Pycharm_Projects\Project\Model\ST-SSL\ST-SSL\model\trainer.py", line 58, in train_epoch
    loss, sep_loss = self.model.loss(repr1, repr2, target, self.scaler, loss_weights)
  File "E:\Pycharm_Projects\Project\Model\ST-SSL\ST-SSL\model\models.py", line 66, in loss
    l2 = self.temporal_loss(z1, z2)
  File "E:\Pycharm_Projects\Project\Model\ST-SSL\ST-SSL\model\models.py", line 84, in temporal_loss
    return self.thm(z1, z2)
  File "E:\Pycharm_Projects\Project\Model\ST-SSL\ST-SSL\venv\lib\site-packages\torch\nn\modules\module.py", line 1102, in _call_impl
    return forward_call(*input, **kwargs)
  File "E:\Pycharm_Projects\Project\Model\ST-SSL\ST-SSL\model\layers.py", line 113, in forward
    loss = self.b_xent(logits, self.lbl)
  File "E:\Pycharm_Projects\Project\Model\ST-SSL\ST-SSL\venv\lib\site-packages\torch\nn\modules\module.py", line 1177, in __getattr__
    raise AttributeError("'{}' object has no attribute '{}'".format(
AttributeError: 'TemporalHeteroModel' object has no attribute 'lbl'

